<?xml version="1.0" encoding="UTF-8"?>
<robot generator="Robot 4.1.3 (Python 3.10.2 on win32)" generated="20220301 12:56:49.047" rpa="false" schemaversion="2">
<suite id="s1" name="Verify Invalid Credential Suite &amp; Verify Valid Credential Suite">
<suite id="s1-s1" name="Verify Invalid Credential Suite" source="C:\Mine\Company\NCS2\orangehrm_automation\login_suite\verify_invalid_credential_suite.robot">
<test id="s1-s1-t1" name="Verify Invalid Credential Test">
<kw name="Launch Browser" library="common_functionality" type="SETUP">
<kw name="Open Browser" library="SeleniumLibrary">
<arg>browser=${BROWSER_NAME}</arg>
<arg>executable_path=${EXECDIR}${/}driver${/}msedgedriver.exe</arg>
<doc>Opens a new browser instance to the optional ``url``.</doc>
<msg timestamp="20220301 12:56:49.351" level="INFO">Opening browser 'edge' to base url 'None'.</msg>
<status status="PASS" starttime="20220301 12:56:49.350" endtime="20220301 12:56:51.408"/>
</kw>
<kw name="Maximize Browser Window" library="SeleniumLibrary">
<doc>Maximizes current browser window.</doc>
<status status="PASS" starttime="20220301 12:56:51.408" endtime="20220301 12:56:51.528"/>
</kw>
<kw name="Set Selenium Implicit Wait" library="SeleniumLibrary">
<arg>30s</arg>
<doc>Sets the implicit wait value used by Selenium.</doc>
<status status="PASS" starttime="20220301 12:56:51.529" endtime="20220301 12:56:51.533"/>
</kw>
<kw name="Set Screenshot Directory" library="SeleniumLibrary">
<arg>path=${EXECDIR}${/}screenshots</arg>
<doc>Sets the directory for captured screenshots.</doc>
<status status="PASS" starttime="20220301 12:56:51.533" endtime="20220301 12:56:51.534"/>
</kw>
<kw name="Go To" library="SeleniumLibrary">
<arg>url=${URL}</arg>
<doc>Navigates the current browser window to the provided ``url``.</doc>
<msg timestamp="20220301 12:56:51.535" level="INFO">Opening url 'https://opensource-demo.orangehrmlive.com/'</msg>
<status status="PASS" starttime="20220301 12:56:51.535" endtime="20220301 12:56:57.277"/>
</kw>
<status status="PASS" starttime="20220301 12:56:49.350" endtime="20220301 12:56:57.277"/>
</kw>
<kw name="Input Text" library="SeleniumLibrary">
<arg>id=txtUsername</arg>
<arg>john</arg>
<doc>Types the given ``text`` into the text field identified by ``locator``.</doc>
<msg timestamp="20220301 12:56:57.279" level="INFO">Typing text 'john' into text field 'id=txtUsername'.</msg>
<status status="PASS" starttime="20220301 12:56:57.278" endtime="20220301 12:56:57.370"/>
</kw>
<kw name="Input Password" library="SeleniumLibrary">
<arg>id=txtPassword</arg>
<arg>admin123</arg>
<doc>Types the given password into the text field identified by ``locator``.</doc>
<msg timestamp="20220301 12:56:57.370" level="INFO">Typing password into text field 'id=txtPassword'.</msg>
<msg timestamp="20220301 12:56:57.406" level="INFO">Temporally setting log level to: NONE</msg>
<msg timestamp="20220301 12:56:57.459" level="INFO">Log level changed from NONE to INFO.</msg>
<status status="PASS" starttime="20220301 12:56:57.370" endtime="20220301 12:56:57.459"/>
</kw>
<kw name="Click Element" library="SeleniumLibrary">
<arg>name=Submit</arg>
<doc>Click the element identified by ``locator``.</doc>
<msg timestamp="20220301 12:56:57.460" level="INFO">Clicking element 'name=Submit'.</msg>
<status status="PASS" starttime="20220301 12:56:57.460" endtime="20220301 12:56:58.595"/>
</kw>
<kw name="Element Should Contain" library="SeleniumLibrary">
<arg>id=spanMessage</arg>
<arg>Invalid credentials</arg>
<doc>Verifies that element ``locator`` contains text ``expected``.</doc>
<msg timestamp="20220301 12:56:58.620" level="INFO">Element 'id=spanMessage' contains text 'Invalid credentials'.</msg>
<status status="PASS" starttime="20220301 12:56:58.595" endtime="20220301 12:56:58.620"/>
</kw>
<kw name="End Browser" library="common_functionality" type="TEARDOWN">
<kw name="Capture Page Screenshot" library="SeleniumLibrary">
<doc>Takes a screenshot of the current page and embeds it into a log file.</doc>
<msg timestamp="20220301 12:56:58.980" level="INFO" html="true">&lt;/td&gt;&lt;/tr&gt;&lt;tr&gt;&lt;td colspan="3"&gt;&lt;a href="screenshots/selenium-screenshot-7.png"&gt;&lt;img src="screenshots/selenium-screenshot-7.png" width="800px"&gt;&lt;/a&gt;</msg>
<status status="PASS" starttime="20220301 12:56:58.621" endtime="20220301 12:56:58.980"/>
</kw>
<kw name="Close Browser" library="SeleniumLibrary">
<doc>Closes the current browser.</doc>
<status status="PASS" starttime="20220301 12:56:58.980" endtime="20220301 12:57:01.090"/>
</kw>
<status status="PASS" starttime="20220301 12:56:58.621" endtime="20220301 12:57:01.090"/>
</kw>
<status status="PASS" starttime="20220301 12:56:49.349" endtime="20220301 12:57:01.090"/>
</test>
<doc>This suite handles test cases related to valid credential connected with
the test case TC_OH_3, scenario SC_OH_2 and requirement OH_Req 4</doc>
<status status="PASS" starttime="20220301 12:56:49.088" endtime="20220301 12:57:01.092"/>
</suite>
<suite id="s1-s2" name="Verify Valid Credential Suite" source="C:\Mine\Company\NCS2\orangehrm_automation\login_suite\verify_valid_credential_suite.robot">
<test id="s1-s2-t1" name="Verify Valid Credential Test">
<kw name="Launch Browser" library="common_functionality" type="SETUP">
<kw name="Open Browser" library="SeleniumLibrary">
<arg>browser=${BROWSER_NAME}</arg>
<arg>executable_path=${EXECDIR}${/}driver${/}msedgedriver.exe</arg>
<doc>Opens a new browser instance to the optional ``url``.</doc>
<msg timestamp="20220301 12:57:01.101" level="INFO">Opening browser 'edge' to base url 'None'.</msg>
<status status="PASS" starttime="20220301 12:57:01.101" endtime="20220301 12:57:02.553"/>
</kw>
<kw name="Maximize Browser Window" library="SeleniumLibrary">
<doc>Maximizes current browser window.</doc>
<status status="PASS" starttime="20220301 12:57:02.553" endtime="20220301 12:57:02.675"/>
</kw>
<kw name="Set Selenium Implicit Wait" library="SeleniumLibrary">
<arg>30s</arg>
<doc>Sets the implicit wait value used by Selenium.</doc>
<status status="PASS" starttime="20220301 12:57:02.675" endtime="20220301 12:57:02.676"/>
</kw>
<kw name="Set Screenshot Directory" library="SeleniumLibrary">
<arg>path=${EXECDIR}${/}screenshots</arg>
<doc>Sets the directory for captured screenshots.</doc>
<status status="PASS" starttime="20220301 12:57:02.677" endtime="20220301 12:57:02.677"/>
</kw>
<kw name="Go To" library="SeleniumLibrary">
<arg>url=${URL}</arg>
<doc>Navigates the current browser window to the provided ``url``.</doc>
<msg timestamp="20220301 12:57:02.678" level="INFO">Opening url 'https://opensource-demo.orangehrmlive.com/'</msg>
<status status="PASS" starttime="20220301 12:57:02.677" endtime="20220301 12:57:08.223"/>
</kw>
<status status="PASS" starttime="20220301 12:57:01.101" endtime="20220301 12:57:08.223"/>
</kw>
<kw name="Input Text" library="SeleniumLibrary">
<arg>id=txtUsername</arg>
<arg>Admin</arg>
<doc>Types the given ``text`` into the text field identified by ``locator``.</doc>
<msg timestamp="20220301 12:57:08.224" level="INFO">Typing text 'Admin' into text field 'id=txtUsername'.</msg>
<status status="PASS" starttime="20220301 12:57:08.223" endtime="20220301 12:57:08.334"/>
</kw>
<kw name="Input Password" library="SeleniumLibrary">
<arg>id=txtPassword</arg>
<arg>admin123</arg>
<doc>Types the given password into the text field identified by ``locator``.</doc>
<msg timestamp="20220301 12:57:08.335" level="INFO">Typing password into text field 'id=txtPassword'.</msg>
<msg timestamp="20220301 12:57:08.376" level="INFO">Temporally setting log level to: NONE</msg>
<msg timestamp="20220301 12:57:08.424" level="INFO">Log level changed from NONE to INFO.</msg>
<status status="PASS" starttime="20220301 12:57:08.334" endtime="20220301 12:57:08.424"/>
</kw>
<kw name="Click Element" library="SeleniumLibrary">
<arg>name=Submit</arg>
<doc>Click the element identified by ``locator``.</doc>
<msg timestamp="20220301 12:57:08.425" level="INFO">Clicking element 'name=Submit'.</msg>
<status status="PASS" starttime="20220301 12:57:08.425" endtime="20220301 12:57:12.453"/>
</kw>
<kw name="Element Text Should Be" library="SeleniumLibrary">
<arg>tag=h1</arg>
<arg>Dashboard</arg>
<doc>Verifies that element ``locator`` contains exact the text ``expected``.</doc>
<msg timestamp="20220301 12:57:12.454" level="INFO">Verifying element 'tag=h1' contains exact text 'Dashboard'.</msg>
<status status="PASS" starttime="20220301 12:57:12.453" endtime="20220301 12:57:12.479"/>
</kw>
<kw name="End Browser" library="common_functionality" type="TEARDOWN">
<kw name="Capture Page Screenshot" library="SeleniumLibrary">
<doc>Takes a screenshot of the current page and embeds it into a log file.</doc>
<msg timestamp="20220301 12:57:12.833" level="INFO" html="true">&lt;/td&gt;&lt;/tr&gt;&lt;tr&gt;&lt;td colspan="3"&gt;&lt;a href="screenshots/selenium-screenshot-8.png"&gt;&lt;img src="screenshots/selenium-screenshot-8.png" width="800px"&gt;&lt;/a&gt;</msg>
<status status="PASS" starttime="20220301 12:57:12.480" endtime="20220301 12:57:12.833"/>
</kw>
<kw name="Close Browser" library="SeleniumLibrary">
<doc>Closes the current browser.</doc>
<status status="PASS" starttime="20220301 12:57:12.833" endtime="20220301 12:57:14.973"/>
</kw>
<status status="PASS" starttime="20220301 12:57:12.480" endtime="20220301 12:57:14.973"/>
</kw>
<status status="PASS" starttime="20220301 12:57:01.100" endtime="20220301 12:57:14.973"/>
</test>
<doc>This suite handles test cases related to valid credential connected with
the test case TC_OH_2, scenario SC_OH_2 and requirement OH_Req 4</doc>
<status status="PASS" starttime="20220301 12:57:01.094" endtime="20220301 12:57:14.974"/>
</suite>
<status status="PASS" starttime="20220301 12:56:49.050" endtime="20220301 12:57:14.976"/>
</suite>
<statistics>
<total>
<stat pass="2" fail="0" skip="0">All Tests</stat>
</total>
<tag>
</tag>
<suite>
<stat pass="2" fail="0" skip="0" id="s1" name="Verify Invalid Credential Suite &amp; Verify Valid Credential Suite">Verify Invalid Credential Suite &amp; Verify Valid Credential Suite</stat>
<stat pass="1" fail="0" skip="0" id="s1-s1" name="Verify Invalid Credential Suite">Verify Invalid Credential Suite &amp; Verify Valid Credential Suite.Verify Invalid Credential Suite</stat>
<stat pass="1" fail="0" skip="0" id="s1-s2" name="Verify Valid Credential Suite">Verify Invalid Credential Suite &amp; Verify Valid Credential Suite.Verify Valid Credential Suite</stat>
</suite>
</statistics>
<errors>
</errors>
</robot>
