<?xml version="1.0" encoding="UTF-8"?>
<robot generator="Robot 4.1.3 (Python 3.10.2 on win32)" generated="20220301 11:24:05.969" rpa="false" schemaversion="2">
<suite id="s1" name="Verify Valid Credential Suite" source="C:\Mine\Company\NCS2\orangehrm_automation\login_suite\verify_valid_credential_suite.robot">
<test id="s1-t1" name="Verify Valid Credential Test">
<kw name="Launch Browser" library="common_functionality" type="SETUP">
<kw name="Open Browser" library="SeleniumLibrary">
<arg>browser=${BROWSER_NAME}</arg>
<arg>executable_path=${EXECDIR}${/}driver${/}chromedriver.exe</arg>
<doc>Opens a new browser instance to the optional ``url``.</doc>
<msg timestamp="20220301 11:24:06.273" level="INFO">Opening browser 'chrome' to base url 'None'.</msg>
<status status="PASS" starttime="20220301 11:24:06.272" endtime="20220301 11:24:07.431"/>
</kw>
<kw name="Maximize Browser Window" library="SeleniumLibrary">
<doc>Maximizes current browser window.</doc>
<status status="PASS" starttime="20220301 11:24:07.431" endtime="20220301 11:24:07.546"/>
</kw>
<kw name="Set Selenium Implicit Wait" library="SeleniumLibrary">
<arg>30s</arg>
<doc>Sets the implicit wait value used by Selenium.</doc>
<status status="PASS" starttime="20220301 11:24:07.546" endtime="20220301 11:24:07.548"/>
</kw>
<kw name="Go To" library="SeleniumLibrary">
<arg>url=${URL}</arg>
<doc>Navigates the current browser window to the provided ``url``.</doc>
<msg timestamp="20220301 11:24:07.548" level="INFO">Opening url 'https://opensource-demo.orangehrmlive.com/'</msg>
<status status="PASS" starttime="20220301 11:24:07.548" endtime="20220301 11:24:11.221"/>
</kw>
<status status="PASS" starttime="20220301 11:24:06.271" endtime="20220301 11:24:11.222"/>
</kw>
<kw name="Input Text" library="SeleniumLibrary">
<arg>id=txtUsername</arg>
<arg>Admin</arg>
<doc>Types the given ``text`` into the text field identified by ``locator``.</doc>
<msg timestamp="20220301 11:24:11.223" level="INFO">Typing text 'Admin' into text field 'id=txtUsername'.</msg>
<status status="PASS" starttime="20220301 11:24:11.222" endtime="20220301 11:24:11.299"/>
</kw>
<kw name="Input Password" library="SeleniumLibrary">
<arg>id=txtPassword</arg>
<arg>admin123</arg>
<doc>Types the given password into the text field identified by ``locator``.</doc>
<msg timestamp="20220301 11:24:11.300" level="INFO">Typing password into text field 'id=txtPassword'.</msg>
<msg timestamp="20220301 11:24:11.338" level="INFO">Temporally setting log level to: NONE</msg>
<msg timestamp="20220301 11:24:11.383" level="INFO">Log level changed from NONE to INFO.</msg>
<status status="PASS" starttime="20220301 11:24:11.300" endtime="20220301 11:24:11.383"/>
</kw>
<kw name="Click Element" library="SeleniumLibrary">
<arg>name=Submit</arg>
<doc>Click the element identified by ``locator``.</doc>
<msg timestamp="20220301 11:24:11.384" level="INFO">Clicking element 'name=Submit'.</msg>
<status status="PASS" starttime="20220301 11:24:11.383" endtime="20220301 11:24:15.543"/>
</kw>
<kw name="Element Text Should Be" library="SeleniumLibrary">
<arg>tag=h1</arg>
<arg>Dashboard</arg>
<doc>Verifies that element ``locator`` contains exact the text ``expected``.</doc>
<msg timestamp="20220301 11:24:15.544" level="INFO">Verifying element 'tag=h1' contains exact text 'Dashboard'.</msg>
<status status="PASS" starttime="20220301 11:24:15.544" endtime="20220301 11:24:15.572"/>
</kw>
<kw name="Close Browser" library="SeleniumLibrary" type="TEARDOWN">
<doc>Closes the current browser.</doc>
<status status="PASS" starttime="20220301 11:24:15.573" endtime="20220301 11:24:17.710"/>
</kw>
<status status="PASS" starttime="20220301 11:24:06.268" endtime="20220301 11:24:17.711"/>
</test>
<doc>This suite handles test cases related to valid credential connected with
the test case TC_OH_2, scenario SC_OH_2 and requirement OH_Req 4</doc>
<status status="PASS" starttime="20220301 11:24:05.971" endtime="20220301 11:24:17.713"/>
</suite>
<statistics>
<total>
<stat pass="1" fail="0" skip="0">All Tests</stat>
</total>
<tag>
</tag>
<suite>
<stat pass="1" fail="0" skip="0" id="s1" name="Verify Valid Credential Suite">Verify Valid Credential Suite</stat>
</suite>
</statistics>
<errors>
</errors>
</robot>
