<?xml version="1.0" encoding="UTF-8"?>
<robot generator="Robot 4.1.3 (Python 3.10.2 on win32)" generated="20220301 15:04:24.438" rpa="false" schemaversion="2">
<suite id="s1" name="Verify Invalid Credential Suite" source="C:\Mine\Company\NCS2\orangehrm_automation\login_suite\verify_invalid_credential_suite.robot">
<test id="s1-t1" name="Verify Invalid Credential Test">
<kw name="Launch Browser" library="common_functionality" type="SETUP">
<if>
<branch type="IF" condition="'${BROWSER_NAME}'=='gc'">
<kw name="Open Browser" library="SeleniumLibrary">
<arg>browser=chrome</arg>
<arg>executable_path=${EXECDIR}${/}driver${/}chromedriver.exe</arg>
<doc>Opens a new browser instance to the optional ``url``.</doc>
<status status="NOT RUN" starttime="20220301 15:04:24.717" endtime="20220301 15:04:24.717"/>
</kw>
<status status="NOT RUN" starttime="20220301 15:04:24.716" endtime="20220301 15:04:24.717"/>
</branch>
<branch type="ELSE IF" condition="'${BROWSER_NAME}'=='edge'">
<kw name="Open Browser" library="SeleniumLibrary">
<arg>browser=edge</arg>
<arg>executable_path=${EXECDIR}${/}driver${/}msedgedriver.exe</arg>
<doc>Opens a new browser instance to the optional ``url``.</doc>
<msg timestamp="20220301 15:04:24.717" level="INFO">Opening browser 'edge' to base url 'None'.</msg>
<status status="PASS" starttime="20220301 15:04:24.717" endtime="20220301 15:04:26.771"/>
</kw>
<status status="PASS" starttime="20220301 15:04:24.717" endtime="20220301 15:04:26.771"/>
</branch>
<branch type="ELSE">
<kw name="Open Browser" library="SeleniumLibrary">
<arg>browser=ff</arg>
<arg>executable_path=${EXECDIR}${/}driver${/}geckodriver.exe</arg>
<doc>Opens a new browser instance to the optional ``url``.</doc>
<status status="NOT RUN" starttime="20220301 15:04:26.771" endtime="20220301 15:04:26.771"/>
</kw>
<status status="NOT RUN" starttime="20220301 15:04:26.771" endtime="20220301 15:04:26.771"/>
</branch>
<status status="PASS" starttime="20220301 15:04:24.716" endtime="20220301 15:04:26.771"/>
</if>
<kw name="Maximize Browser Window" library="SeleniumLibrary">
<doc>Maximizes current browser window.</doc>
<status status="PASS" starttime="20220301 15:04:26.772" endtime="20220301 15:04:26.979"/>
</kw>
<kw name="Set Selenium Implicit Wait" library="SeleniumLibrary">
<arg>30s</arg>
<doc>Sets the implicit wait value used by Selenium.</doc>
<status status="PASS" starttime="20220301 15:04:26.979" endtime="20220301 15:04:26.981"/>
</kw>
<kw name="Set Screenshot Directory" library="SeleniumLibrary">
<arg>path=${EXECDIR}${/}screenshots</arg>
<doc>Sets the directory for captured screenshots.</doc>
<status status="PASS" starttime="20220301 15:04:26.981" endtime="20220301 15:04:26.981"/>
</kw>
<kw name="Go To" library="SeleniumLibrary">
<arg>url=${URL}</arg>
<doc>Navigates the current browser window to the provided ``url``.</doc>
<msg timestamp="20220301 15:04:26.982" level="INFO">Opening url 'http://google.com/'</msg>
<status status="PASS" starttime="20220301 15:04:26.981" endtime="20220301 15:04:32.203"/>
</kw>
<status status="PASS" starttime="20220301 15:04:24.716" endtime="20220301 15:04:32.203"/>
</kw>
<kw name="Input Text" library="SeleniumLibrary">
<arg>id=txtUsername</arg>
<arg>john</arg>
<doc>Types the given ``text`` into the text field identified by ``locator``.</doc>
<msg timestamp="20220301 15:04:32.204" level="INFO">Typing text 'john' into text field 'id=txtUsername'.</msg>
<msg timestamp="20220301 15:05:02.504" level="INFO" html="true">&lt;/td&gt;&lt;/tr&gt;&lt;tr&gt;&lt;td colspan="3"&gt;&lt;a href="screenshots/selenium-screenshot-14.png"&gt;&lt;img src="screenshots/selenium-screenshot-14.png" width="800px"&gt;&lt;/a&gt;</msg>
<msg timestamp="20220301 15:05:02.509" level="FAIL">Element with locator 'id=txtUsername' not found.</msg>
<status status="FAIL" starttime="20220301 15:04:32.204" endtime="20220301 15:05:02.509"/>
</kw>
<kw name="Input Password" library="SeleniumLibrary">
<arg>id=txtPassword</arg>
<arg>admin123</arg>
<doc>Types the given password into the text field identified by ``locator``.</doc>
<status status="NOT RUN" starttime="20220301 15:05:02.509" endtime="20220301 15:05:02.509"/>
</kw>
<kw name="Click Element" library="SeleniumLibrary">
<arg>name=Submit</arg>
<doc>Click the element identified by ``locator``.</doc>
<status status="NOT RUN" starttime="20220301 15:05:02.510" endtime="20220301 15:05:02.510"/>
</kw>
<kw name="Element Should Contain" library="SeleniumLibrary">
<arg>id=spanMessage</arg>
<arg>Invalid credentials</arg>
<doc>Verifies that element ``locator`` contains text ``expected``.</doc>
<status status="NOT RUN" starttime="20220301 15:05:02.510" endtime="20220301 15:05:02.510"/>
</kw>
<kw name="End Browser" library="common_functionality" type="TEARDOWN">
<kw name="Capture Page Screenshot" library="SeleniumLibrary">
<doc>Takes a screenshot of the current page and embeds it into a log file.</doc>
<msg timestamp="20220301 15:05:02.755" level="INFO" html="true">&lt;/td&gt;&lt;/tr&gt;&lt;tr&gt;&lt;td colspan="3"&gt;&lt;a href="screenshots/selenium-screenshot-15.png"&gt;&lt;img src="screenshots/selenium-screenshot-15.png" width="800px"&gt;&lt;/a&gt;</msg>
<status status="PASS" starttime="20220301 15:05:02.511" endtime="20220301 15:05:02.755"/>
</kw>
<kw name="Close Browser" library="SeleniumLibrary">
<doc>Closes the current browser.</doc>
<status status="PASS" starttime="20220301 15:05:02.755" endtime="20220301 15:05:04.965"/>
</kw>
<status status="PASS" starttime="20220301 15:05:02.511" endtime="20220301 15:05:04.965"/>
</kw>
<status status="FAIL" starttime="20220301 15:04:24.715" endtime="20220301 15:05:04.965">Element with locator 'id=txtUsername' not found.</status>
</test>
<doc>This suite handles test cases related to valid credential connected with
the test case TC_OH_3, scenario SC_OH_2 and requirement OH_Req 4</doc>
<status status="FAIL" starttime="20220301 15:04:24.440" endtime="20220301 15:05:04.967"/>
</suite>
<statistics>
<total>
<stat pass="0" fail="1" skip="0">All Tests</stat>
</total>
<tag>
</tag>
<suite>
<stat pass="0" fail="1" skip="0" id="s1" name="Verify Invalid Credential Suite">Verify Invalid Credential Suite</stat>
</suite>
</statistics>
<errors>
</errors>
</robot>
