<?xml version="1.0" encoding="UTF-8"?>
<robot generator="Robot 4.1.3 (Python 3.10.2 on win32)" generated="20220303 10:09:29.529" rpa="false" schemaversion="2">
<suite id="s1" name="Verify Valid Credential Suite" source="C:\Mine\Company\NCS2\orangehrm_automation\login_suite\verify_valid_credential_suite.robot">
<test id="s1-t1" name="Verify Valid Credential Test">
<kw name="Launch Browser" library="common_functionality" type="SETUP">
<if>
<branch type="IF" condition="'${BROWSER_NAME}'=='gc'">
<kw name="Open Browser" library="SeleniumLibrary">
<arg>browser=chrome</arg>
<arg>executable_path=${EXECDIR}${/}driver${/}chromedriver.exe</arg>
<doc>Opens a new browser instance to the optional ``url``.</doc>
<msg timestamp="20220303 10:09:29.808" level="INFO">Opening browser 'chrome' to base url 'None'.</msg>
<status status="PASS" starttime="20220303 10:09:29.807" endtime="20220303 10:09:31.005"/>
</kw>
<status status="PASS" starttime="20220303 10:09:29.807" endtime="20220303 10:09:31.005"/>
</branch>
<branch type="ELSE IF" condition="'${BROWSER_NAME}'=='edge'">
<kw name="Open Browser" library="SeleniumLibrary">
<arg>browser=edge</arg>
<arg>executable_path=${EXECDIR}${/}driver${/}msedgedriver.exe</arg>
<doc>Opens a new browser instance to the optional ``url``.</doc>
<status status="NOT RUN" starttime="20220303 10:09:31.005" endtime="20220303 10:09:31.005"/>
</kw>
<status status="NOT RUN" starttime="20220303 10:09:31.005" endtime="20220303 10:09:31.005"/>
</branch>
<branch type="ELSE">
<kw name="Open Browser" library="SeleniumLibrary">
<arg>browser=ff</arg>
<arg>executable_path=${EXECDIR}${/}driver${/}geckodriver.exe</arg>
<doc>Opens a new browser instance to the optional ``url``.</doc>
<status status="NOT RUN" starttime="20220303 10:09:31.005" endtime="20220303 10:09:31.005"/>
</kw>
<status status="NOT RUN" starttime="20220303 10:09:31.005" endtime="20220303 10:09:31.005"/>
</branch>
<status status="PASS" starttime="20220303 10:09:29.807" endtime="20220303 10:09:31.005"/>
</if>
<kw name="Maximize Browser Window" library="SeleniumLibrary">
<doc>Maximizes current browser window.</doc>
<status status="PASS" starttime="20220303 10:09:31.005" endtime="20220303 10:09:31.121"/>
</kw>
<kw name="Set Selenium Implicit Wait" library="SeleniumLibrary">
<arg>30s</arg>
<doc>Sets the implicit wait value used by Selenium.</doc>
<status status="PASS" starttime="20220303 10:09:31.121" endtime="20220303 10:09:31.122"/>
</kw>
<kw name="Set Screenshot Directory" library="SeleniumLibrary">
<arg>path=${EXECDIR}${/}screenshots</arg>
<doc>Sets the directory for captured screenshots.</doc>
<status status="PASS" starttime="20220303 10:09:31.122" endtime="20220303 10:09:31.123"/>
</kw>
<kw name="Go To" library="SeleniumLibrary">
<arg>url=${URL}</arg>
<doc>Navigates the current browser window to the provided ``url``.</doc>
<msg timestamp="20220303 10:09:31.123" level="INFO">Opening url 'https://opensource-demo.orangehrmlive.com/'</msg>
<status status="PASS" starttime="20220303 10:09:31.123" endtime="20220303 10:09:35.538"/>
</kw>
<status status="PASS" starttime="20220303 10:09:29.807" endtime="20220303 10:09:35.538"/>
</kw>
<kw name="Input Text" library="SeleniumLibrary">
<arg>id=txtUsername</arg>
<arg>Admin</arg>
<doc>Types the given ``text`` into the text field identified by ``locator``.</doc>
<msg timestamp="20220303 10:09:35.539" level="INFO">Typing text 'Admin' into text field 'id=txtUsername'.</msg>
<status status="PASS" starttime="20220303 10:09:35.539" endtime="20220303 10:09:35.619"/>
</kw>
<kw name="Input Password" library="SeleniumLibrary">
<arg>id=txtPassword</arg>
<arg>admin123</arg>
<doc>Types the given password into the text field identified by ``locator``.</doc>
<msg timestamp="20220303 10:09:35.620" level="INFO">Typing password into text field 'id=txtPassword'.</msg>
<msg timestamp="20220303 10:09:35.657" level="INFO">Temporally setting log level to: NONE</msg>
<msg timestamp="20220303 10:09:35.699" level="INFO">Log level changed from NONE to INFO.</msg>
<status status="PASS" starttime="20220303 10:09:35.620" endtime="20220303 10:09:35.699"/>
</kw>
<kw name="Click Element" library="SeleniumLibrary">
<arg>name=Submit</arg>
<doc>Click the element identified by ``locator``.</doc>
<msg timestamp="20220303 10:09:35.700" level="INFO">Clicking element 'name=Submit'.</msg>
<status status="PASS" starttime="20220303 10:09:35.700" endtime="20220303 10:09:37.074"/>
</kw>
<kw name="Element Text Should Be" library="SeleniumLibrary">
<arg>tag=h1</arg>
<arg>Dashboard</arg>
<doc>Verifies that element ``locator`` contains exact the text ``expected``.</doc>
<msg timestamp="20220303 10:09:37.075" level="INFO">Verifying element 'tag=h1' contains exact text 'Dashboard'.</msg>
<msg timestamp="20220303 10:09:40.078" level="WARN">Keyword 'Capture Page Screenshot' could not be run on failure: Message: no such window: target window already closed
from unknown error: web view not found
  (Session info: chrome=98.0.4758.102)
Stacktrace:
Backtrace:
	Ordinal0 [0x00C769A3+2582947]
	Ordinal0 [0x00C0A6D1+2139857]
	Ordinal0 [0x00B03A98+1063576]
	Ordinal0 [0x00AEC440+967744]
	Ordinal0 [0x00B4AD09+1355017]
	Ordinal0 [0x00B57AD2+1407698]
	Ordinal0 [0x00B48366+1344358]
	Ordinal0 [0x00B25176+1200502]
	Ordinal0 [0x00B26066+1204326]
	GetHandleVerifier [0x00E1BE02+1675858]
	GetHandleVerifier [0x00ED036C+2414524]
	GetHandleVerifier [0x00D0BB01+560977]
	GetHandleVerifier [0x00D0A8D3+556323]
	Ordinal0 [0x00C1020E+2163214]
	Ordinal0 [0x00C15078+2183288]
	Ordinal0 [0x00C151C0+2183616]
	Ordinal0 [0x00C1EE1C+2223644]
	BaseThreadInitThunk [0x774FFA29+25]
	RtlGetAppContainerNamedObjectPath [0x77767A9E+286]
	RtlGetAppContainerNamedObjectPath [0x77767A6E+238]
</msg>
<msg timestamp="20220303 10:09:40.091" level="FAIL">Element with locator 'tag=h1' not found.</msg>
<status status="FAIL" starttime="20220303 10:09:37.074" endtime="20220303 10:09:40.091"/>
</kw>
<status status="FAIL" starttime="20220303 10:09:29.806" endtime="20220303 10:09:40.093">Element with locator 'tag=h1' not found.</status>
</test>
<doc>This suite handles test cases related to valid credential connected with
the test case TC_OH_2, scenario SC_OH_2 and requirement OH_Req 4</doc>
<status status="FAIL" starttime="20220303 10:09:29.531" endtime="20220303 10:09:40.095"/>
</suite>
<statistics>
<total>
<stat pass="0" fail="1" skip="0">All Tests</stat>
</total>
<tag>
</tag>
<suite>
<stat pass="0" fail="1" skip="0" id="s1" name="Verify Valid Credential Suite">Verify Valid Credential Suite</stat>
</suite>
</statistics>
<errors>
<msg timestamp="20220303 10:09:40.078" level="WARN">Keyword 'Capture Page Screenshot' could not be run on failure: Message: no such window: target window already closed
from unknown error: web view not found
  (Session info: chrome=98.0.4758.102)
Stacktrace:
Backtrace:
	Ordinal0 [0x00C769A3+2582947]
	Ordinal0 [0x00C0A6D1+2139857]
	Ordinal0 [0x00B03A98+1063576]
	Ordinal0 [0x00AEC440+967744]
	Ordinal0 [0x00B4AD09+1355017]
	Ordinal0 [0x00B57AD2+1407698]
	Ordinal0 [0x00B48366+1344358]
	Ordinal0 [0x00B25176+1200502]
	Ordinal0 [0x00B26066+1204326]
	GetHandleVerifier [0x00E1BE02+1675858]
	GetHandleVerifier [0x00ED036C+2414524]
	GetHandleVerifier [0x00D0BB01+560977]
	GetHandleVerifier [0x00D0A8D3+556323]
	Ordinal0 [0x00C1020E+2163214]
	Ordinal0 [0x00C15078+2183288]
	Ordinal0 [0x00C151C0+2183616]
	Ordinal0 [0x00C1EE1C+2223644]
	BaseThreadInitThunk [0x774FFA29+25]
	RtlGetAppContainerNamedObjectPath [0x77767A9E+286]
	RtlGetAppContainerNamedObjectPath [0x77767A6E+238]
</msg>
</errors>
</robot>
