<?xml version="1.0" encoding="UTF-8"?>
<robot generator="Robot 4.1.3 (Python 3.10.2 on win32)" generated="20220302 11:31:20.186" rpa="false" schemaversion="2">
<suite id="s1" name="verify addemployee enabledmode excel Suite" source="C:\Mine\Company\NCS2\orangehrm_automation\employee_suite\verify_addemployee_enabledmode_excel_Suite.robot">
<test id="s1-t1" name="TC1">
<kw name="Launch Browser" library="common_functionality" type="SETUP">
<if>
<branch type="IF" condition="'${BROWSER_NAME}'=='gc'">
<kw name="Open Browser" library="SeleniumLibrary">
<arg>browser=chrome</arg>
<arg>executable_path=${EXECDIR}${/}driver${/}chromedriver.exe</arg>
<doc>Opens a new browser instance to the optional ``url``.</doc>
<msg timestamp="20220302 11:31:21.288" level="INFO">Opening browser 'chrome' to base url 'None'.</msg>
<status status="PASS" starttime="20220302 11:31:21.288" endtime="20220302 11:31:23.187"/>
</kw>
<status status="PASS" starttime="20220302 11:31:21.288" endtime="20220302 11:31:23.187"/>
</branch>
<branch type="ELSE IF" condition="'${BROWSER_NAME}'=='edge'">
<kw name="Open Browser" library="SeleniumLibrary">
<arg>browser=edge</arg>
<arg>executable_path=${EXECDIR}${/}driver${/}msedgedriver.exe</arg>
<doc>Opens a new browser instance to the optional ``url``.</doc>
<status status="NOT RUN" starttime="20220302 11:31:23.187" endtime="20220302 11:31:23.187"/>
</kw>
<status status="NOT RUN" starttime="20220302 11:31:23.187" endtime="20220302 11:31:23.187"/>
</branch>
<branch type="ELSE">
<kw name="Open Browser" library="SeleniumLibrary">
<arg>browser=ff</arg>
<arg>executable_path=${EXECDIR}${/}driver${/}geckodriver.exe</arg>
<doc>Opens a new browser instance to the optional ``url``.</doc>
<status status="NOT RUN" starttime="20220302 11:31:23.187" endtime="20220302 11:31:23.187"/>
</kw>
<status status="NOT RUN" starttime="20220302 11:31:23.187" endtime="20220302 11:31:23.187"/>
</branch>
<status status="PASS" starttime="20220302 11:31:21.288" endtime="20220302 11:31:23.187"/>
</if>
<kw name="Maximize Browser Window" library="SeleniumLibrary">
<doc>Maximizes current browser window.</doc>
<status status="PASS" starttime="20220302 11:31:23.187" endtime="20220302 11:31:23.338"/>
</kw>
<kw name="Set Selenium Implicit Wait" library="SeleniumLibrary">
<arg>30s</arg>
<doc>Sets the implicit wait value used by Selenium.</doc>
<status status="PASS" starttime="20220302 11:31:23.338" endtime="20220302 11:31:23.340"/>
</kw>
<kw name="Set Screenshot Directory" library="SeleniumLibrary">
<arg>path=${EXECDIR}${/}screenshots</arg>
<doc>Sets the directory for captured screenshots.</doc>
<status status="PASS" starttime="20220302 11:31:23.340" endtime="20220302 11:31:23.340"/>
</kw>
<kw name="Go To" library="SeleniumLibrary">
<arg>url=${URL}</arg>
<doc>Navigates the current browser window to the provided ``url``.</doc>
<msg timestamp="20220302 11:31:23.341" level="INFO">Opening url 'https://opensource-demo.orangehrmlive.com/'</msg>
<status status="PASS" starttime="20220302 11:31:23.340" endtime="20220302 11:31:26.740"/>
</kw>
<status status="PASS" starttime="20220302 11:31:21.287" endtime="20220302 11:31:26.741"/>
</kw>
<kw name="Verify Add Employee Enabled Mode Template">
<arg>Admin</arg>
<arg>admin123</arg>
<arg>Mark</arg>
<arg>K</arg>
<arg>ken</arg>
<arg>E10020</arg>
<arg>Photo_e101.png</arg>
<arg>MarkE1002</arg>
<arg>Welcome@123</arg>
<arg>Welcome@123</arg>
<arg>Enabled</arg>
<arg>Personal Details</arg>
<kw name="Input Text" library="SeleniumLibrary">
<arg>id=txtUsername</arg>
<arg>${username}</arg>
<doc>Types the given ``text`` into the text field identified by ``locator``.</doc>
<msg timestamp="20220302 11:31:26.742" level="INFO">Typing text 'Admin' into text field 'id=txtUsername'.</msg>
<status status="PASS" starttime="20220302 11:31:26.742" endtime="20220302 11:31:26.826"/>
</kw>
<kw name="Input Password" library="SeleniumLibrary">
<arg>id=txtPassword</arg>
<arg>${password}</arg>
<doc>Types the given password into the text field identified by ``locator``.</doc>
<msg timestamp="20220302 11:31:26.827" level="INFO">Typing password into text field 'id=txtPassword'.</msg>
<msg timestamp="20220302 11:31:26.864" level="INFO">Temporally setting log level to: NONE</msg>
<msg timestamp="20220302 11:31:26.904" level="INFO">Log level changed from NONE to INFO.</msg>
<status status="PASS" starttime="20220302 11:31:26.827" endtime="20220302 11:31:26.904"/>
</kw>
<kw name="Click Element" library="SeleniumLibrary">
<arg>name=Submit</arg>
<doc>Click the element identified by ``locator``.</doc>
<msg timestamp="20220302 11:31:26.904" level="INFO">Clicking element 'name=Submit'.</msg>
<status status="PASS" starttime="20220302 11:31:26.904" endtime="20220302 11:31:31.131"/>
</kw>
<kw name="Mouse Over" library="SeleniumLibrary">
<arg>link=PIM</arg>
<doc>Simulates hovering the mouse over the element ``locator``.</doc>
<msg timestamp="20220302 11:31:31.131" level="INFO">Simulating Mouse Over on element 'link=PIM'.</msg>
<status status="PASS" starttime="20220302 11:31:31.131" endtime="20220302 11:31:31.430"/>
</kw>
<kw name="Click Element" library="SeleniumLibrary">
<arg>link=Add Employee</arg>
<doc>Click the element identified by ``locator``.</doc>
<msg timestamp="20220302 11:31:31.430" level="INFO">Clicking element 'link=Add Employee'.</msg>
<status status="PASS" starttime="20220302 11:31:31.430" endtime="20220302 11:31:32.396"/>
</kw>
<kw name="Input Text" library="SeleniumLibrary">
<arg>id=firstName</arg>
<arg>${firstname}</arg>
<doc>Types the given ``text`` into the text field identified by ``locator``.</doc>
<msg timestamp="20220302 11:31:32.397" level="INFO">Typing text 'Mark' into text field 'id=firstName'.</msg>
<status status="PASS" starttime="20220302 11:31:32.396" endtime="20220302 11:31:32.476"/>
</kw>
<kw name="Input Text" library="SeleniumLibrary">
<arg>id=middleName</arg>
<arg>${middlename}</arg>
<doc>Types the given ``text`` into the text field identified by ``locator``.</doc>
<msg timestamp="20220302 11:31:32.477" level="INFO">Typing text 'K' into text field 'id=middleName'.</msg>
<status status="PASS" starttime="20220302 11:31:32.477" endtime="20220302 11:31:32.553"/>
</kw>
<kw name="Input Text" library="SeleniumLibrary">
<arg>id=lastName</arg>
<arg>${lastname}</arg>
<doc>Types the given ``text`` into the text field identified by ``locator``.</doc>
<msg timestamp="20220302 11:31:32.553" level="INFO">Typing text 'ken' into text field 'id=lastName'.</msg>
<status status="PASS" starttime="20220302 11:31:32.553" endtime="20220302 11:31:32.626"/>
</kw>
<kw name="Input Text" library="SeleniumLibrary">
<arg>id=employeeId</arg>
<arg>${employee_id}</arg>
<doc>Types the given ``text`` into the text field identified by ``locator``.</doc>
<msg timestamp="20220302 11:31:32.627" level="INFO">Typing text 'E10020' into text field 'id=employeeId'.</msg>
<status status="PASS" starttime="20220302 11:31:32.626" endtime="20220302 11:31:32.707"/>
</kw>
<kw name="Choose File" library="SeleniumLibrary">
<arg>id=photofile</arg>
<arg>file_path=${EXECDIR}${/}files${/}${file_detail}</arg>
<doc>Inputs the ``file_path`` into the file input field ``locator``.</doc>
<msg timestamp="20220302 11:31:32.708" level="INFO">Sending C:\Mine\Company\NCS2\orangehrm_automation\files\Photo_e101.png to browser.</msg>
<status status="PASS" starttime="20220302 11:31:32.707" endtime="20220302 11:31:32.743"/>
</kw>
<kw name="Select Checkbox" library="SeleniumLibrary">
<arg>id=chkLogin</arg>
<doc>Selects the checkbox identified by ``locator``.</doc>
<msg timestamp="20220302 11:31:32.743" level="INFO">Selecting checkbox 'id=chkLogin'.</msg>
<status status="PASS" starttime="20220302 11:31:32.743" endtime="20220302 11:31:32.821"/>
</kw>
<kw name="Input Text" library="SeleniumLibrary">
<arg>id=user_name</arg>
<arg>${user_id}</arg>
<doc>Types the given ``text`` into the text field identified by ``locator``.</doc>
<msg timestamp="20220302 11:31:32.821" level="INFO">Typing text 'MarkE1002' into text field 'id=user_name'.</msg>
<status status="PASS" starttime="20220302 11:31:32.821" endtime="20220302 11:31:32.904"/>
</kw>
<kw name="Input Text" library="SeleniumLibrary">
<arg>id=user_password</arg>
<arg>${login_password}</arg>
<doc>Types the given ``text`` into the text field identified by ``locator``.</doc>
<msg timestamp="20220302 11:31:32.905" level="INFO">Typing text 'Welcome@123' into text field 'id=user_password'.</msg>
<status status="PASS" starttime="20220302 11:31:32.904" endtime="20220302 11:31:32.992"/>
</kw>
<kw name="Input Text" library="SeleniumLibrary">
<arg>id=re_password</arg>
<arg>${confirm_password}</arg>
<doc>Types the given ``text`` into the text field identified by ``locator``.</doc>
<msg timestamp="20220302 11:31:32.992" level="INFO">Typing text 'Welcome@123' into text field 'id=re_password'.</msg>
<status status="PASS" starttime="20220302 11:31:32.992" endtime="20220302 11:31:33.075"/>
</kw>
<kw name="Select From List By Label" library="SeleniumLibrary">
<arg>id=status</arg>
<arg>${login_status}</arg>
<doc>Selects options from selection list ``locator`` by ``labels``.</doc>
<msg timestamp="20220302 11:31:33.076" level="INFO">Selecting options from selection list 'id=status' by label Enabled.</msg>
<status status="PASS" starttime="20220302 11:31:33.076" endtime="20220302 11:31:33.120"/>
</kw>
<kw name="Click Element" library="SeleniumLibrary">
<arg>id=btnSave</arg>
<doc>Click the element identified by ``locator``.</doc>
<msg timestamp="20220302 11:31:33.121" level="INFO">Clicking element 'id=btnSave'.</msg>
<status status="PASS" starttime="20220302 11:31:33.121" endtime="20220302 11:31:33.170"/>
</kw>
<kw name="Element Text Should Be" library="SeleniumLibrary">
<arg>xpath=//h1[contains(text(),'Pers')]</arg>
<arg>${expected_header}</arg>
<doc>Verifies that element ``locator`` contains exact the text ``expected``.</doc>
<msg timestamp="20220302 11:31:33.171" level="INFO">Verifying element 'xpath=//h1[contains(text(),'Pers')]' contains exact text 'Personal Details'.</msg>
<status status="PASS" starttime="20220302 11:31:33.170" endtime="20220302 11:31:37.686"/>
</kw>
<kw name="Textfield Value Should Be" library="SeleniumLibrary">
<arg>id=personal_txtEmpFirstName</arg>
<arg>${firstname}</arg>
<doc>Verifies text field ``locator`` has exactly text ``expected``.</doc>
<msg timestamp="20220302 11:31:37.723" level="INFO">Content of text field 'id=personal_txtEmpFirstName' is 'Mark'.</msg>
<status status="PASS" starttime="20220302 11:31:37.686" endtime="20220302 11:31:37.723"/>
</kw>
<kw name="Textfield Value Should Be" library="SeleniumLibrary">
<arg>id=personal_txtEmployeeId</arg>
<arg>${employee_id}</arg>
<doc>Verifies text field ``locator`` has exactly text ``expected``.</doc>
<msg timestamp="20220302 11:31:37.756" level="INFO">Content of text field 'id=personal_txtEmployeeId' is 'E10020'.</msg>
<status status="PASS" starttime="20220302 11:31:37.723" endtime="20220302 11:31:37.756"/>
</kw>
<kw name="Click Element" library="SeleniumLibrary">
<arg>link=Employee List</arg>
<doc>Click the element identified by ``locator``.</doc>
<msg timestamp="20220302 11:31:37.756" level="INFO">Clicking element 'link=Employee List'.</msg>
<status status="PASS" starttime="20220302 11:31:37.756" endtime="20220302 11:31:39.198"/>
</kw>
<kw name="Input Text" library="SeleniumLibrary">
<arg>id=empsearch_id</arg>
<arg>${employee_id}</arg>
<doc>Types the given ``text`` into the text field identified by ``locator``.</doc>
<msg timestamp="20220302 11:31:39.198" level="INFO">Typing text 'E10020' into text field 'id=empsearch_id'.</msg>
<status status="PASS" starttime="20220302 11:31:39.198" endtime="20220302 11:31:39.287"/>
</kw>
<kw name="Click Element" library="SeleniumLibrary">
<arg>id=searchBtn</arg>
<doc>Click the element identified by ``locator``.</doc>
<msg timestamp="20220302 11:31:39.287" level="INFO">Clicking element 'id=searchBtn'.</msg>
<status status="PASS" starttime="20220302 11:31:39.287" endtime="20220302 11:31:39.793"/>
</kw>
<kw name="Table Should Contain" library="SeleniumLibrary">
<arg>id=resultTable</arg>
<arg>${firstname}</arg>
<doc>Verifies table contains text ``expected``.</doc>
<status status="PASS" starttime="20220302 11:31:39.794" endtime="20220302 11:31:40.201"/>
</kw>
<kw name="Table Should Contain" library="SeleniumLibrary">
<arg>id=resultTable</arg>
<arg>${employee_id}</arg>
<doc>Verifies table contains text ``expected``.</doc>
<status status="PASS" starttime="20220302 11:31:40.202" endtime="20220302 11:31:40.477"/>
</kw>
<status status="PASS" starttime="20220302 11:31:26.741" endtime="20220302 11:31:40.478"/>
</kw>
<kw name="End Browser" library="common_functionality" type="TEARDOWN">
<kw name="Capture Page Screenshot" library="SeleniumLibrary">
<doc>Takes a screenshot of the current page and embeds it into a log file.</doc>
<msg timestamp="20220302 11:31:40.730" level="INFO" html="true">&lt;/td&gt;&lt;/tr&gt;&lt;tr&gt;&lt;td colspan="3"&gt;&lt;a href="screenshots/selenium-screenshot-41.png"&gt;&lt;img src="screenshots/selenium-screenshot-41.png" width="800px"&gt;&lt;/a&gt;</msg>
<status status="PASS" starttime="20220302 11:31:40.478" endtime="20220302 11:31:40.731"/>
</kw>
<kw name="Close Browser" library="SeleniumLibrary">
<doc>Closes the current browser.</doc>
<status status="PASS" starttime="20220302 11:31:40.731" endtime="20220302 11:31:42.861"/>
</kw>
<status status="PASS" starttime="20220302 11:31:40.478" endtime="20220302 11:31:42.861"/>
</kw>
<status status="PASS" starttime="20220302 11:31:21.286" endtime="20220302 11:31:42.862"/>
</test>
<test id="s1-t2" name="TC1">
<kw name="Launch Browser" library="common_functionality" type="SETUP">
<if>
<branch type="IF" condition="'${BROWSER_NAME}'=='gc'">
<kw name="Open Browser" library="SeleniumLibrary">
<arg>browser=chrome</arg>
<arg>executable_path=${EXECDIR}${/}driver${/}chromedriver.exe</arg>
<doc>Opens a new browser instance to the optional ``url``.</doc>
<msg timestamp="20220302 11:31:42.867" level="INFO">Opening browser 'chrome' to base url 'None'.</msg>
<status status="PASS" starttime="20220302 11:31:42.866" endtime="20220302 11:31:43.990"/>
</kw>
<status status="PASS" starttime="20220302 11:31:42.866" endtime="20220302 11:31:43.990"/>
</branch>
<branch type="ELSE IF" condition="'${BROWSER_NAME}'=='edge'">
<kw name="Open Browser" library="SeleniumLibrary">
<arg>browser=edge</arg>
<arg>executable_path=${EXECDIR}${/}driver${/}msedgedriver.exe</arg>
<doc>Opens a new browser instance to the optional ``url``.</doc>
<status status="NOT RUN" starttime="20220302 11:31:43.990" endtime="20220302 11:31:43.991"/>
</kw>
<status status="NOT RUN" starttime="20220302 11:31:43.990" endtime="20220302 11:31:43.991"/>
</branch>
<branch type="ELSE">
<kw name="Open Browser" library="SeleniumLibrary">
<arg>browser=ff</arg>
<arg>executable_path=${EXECDIR}${/}driver${/}geckodriver.exe</arg>
<doc>Opens a new browser instance to the optional ``url``.</doc>
<status status="NOT RUN" starttime="20220302 11:31:43.991" endtime="20220302 11:31:43.991"/>
</kw>
<status status="NOT RUN" starttime="20220302 11:31:43.991" endtime="20220302 11:31:43.991"/>
</branch>
<status status="PASS" starttime="20220302 11:31:42.866" endtime="20220302 11:31:43.991"/>
</if>
<kw name="Maximize Browser Window" library="SeleniumLibrary">
<doc>Maximizes current browser window.</doc>
<status status="PASS" starttime="20220302 11:31:43.991" endtime="20220302 11:31:44.159"/>
</kw>
<kw name="Set Selenium Implicit Wait" library="SeleniumLibrary">
<arg>30s</arg>
<doc>Sets the implicit wait value used by Selenium.</doc>
<status status="PASS" starttime="20220302 11:31:44.159" endtime="20220302 11:31:44.161"/>
</kw>
<kw name="Set Screenshot Directory" library="SeleniumLibrary">
<arg>path=${EXECDIR}${/}screenshots</arg>
<doc>Sets the directory for captured screenshots.</doc>
<status status="PASS" starttime="20220302 11:31:44.161" endtime="20220302 11:31:44.162"/>
</kw>
<kw name="Go To" library="SeleniumLibrary">
<arg>url=${URL}</arg>
<doc>Navigates the current browser window to the provided ``url``.</doc>
<msg timestamp="20220302 11:31:44.162" level="INFO">Opening url 'https://opensource-demo.orangehrmlive.com/'</msg>
<status status="PASS" starttime="20220302 11:31:44.162" endtime="20220302 11:31:48.162"/>
</kw>
<status status="PASS" starttime="20220302 11:31:42.866" endtime="20220302 11:31:48.162"/>
</kw>
<kw name="Verify Add Employee Enabled Mode Template">
<arg>Admin</arg>
<arg>admin123</arg>
<arg>Kin</arg>
<arg>K</arg>
<arg>ken</arg>
<arg>E10021</arg>
<arg>Photo_e101.png</arg>
<arg>KenE1002</arg>
<arg>Welcome@123</arg>
<arg>Welcome@123</arg>
<arg>Enabled</arg>
<arg>Personal Details</arg>
<kw name="Input Text" library="SeleniumLibrary">
<arg>id=txtUsername</arg>
<arg>${username}</arg>
<doc>Types the given ``text`` into the text field identified by ``locator``.</doc>
<msg timestamp="20220302 11:31:48.163" level="INFO">Typing text 'Admin' into text field 'id=txtUsername'.</msg>
<status status="PASS" starttime="20220302 11:31:48.163" endtime="20220302 11:31:48.242"/>
</kw>
<kw name="Input Password" library="SeleniumLibrary">
<arg>id=txtPassword</arg>
<arg>${password}</arg>
<doc>Types the given password into the text field identified by ``locator``.</doc>
<msg timestamp="20220302 11:31:48.242" level="INFO">Typing password into text field 'id=txtPassword'.</msg>
<msg timestamp="20220302 11:31:48.286" level="INFO">Temporally setting log level to: NONE</msg>
<msg timestamp="20220302 11:31:48.328" level="INFO">Log level changed from NONE to INFO.</msg>
<status status="PASS" starttime="20220302 11:31:48.242" endtime="20220302 11:31:48.328"/>
</kw>
<kw name="Click Element" library="SeleniumLibrary">
<arg>name=Submit</arg>
<doc>Click the element identified by ``locator``.</doc>
<msg timestamp="20220302 11:31:48.328" level="INFO">Clicking element 'name=Submit'.</msg>
<status status="PASS" starttime="20220302 11:31:48.328" endtime="20220302 11:31:52.690"/>
</kw>
<kw name="Mouse Over" library="SeleniumLibrary">
<arg>link=PIM</arg>
<doc>Simulates hovering the mouse over the element ``locator``.</doc>
<msg timestamp="20220302 11:31:52.691" level="INFO">Simulating Mouse Over on element 'link=PIM'.</msg>
<status status="PASS" starttime="20220302 11:31:52.690" endtime="20220302 11:31:52.997"/>
</kw>
<kw name="Click Element" library="SeleniumLibrary">
<arg>link=Add Employee</arg>
<doc>Click the element identified by ``locator``.</doc>
<msg timestamp="20220302 11:31:52.997" level="INFO">Clicking element 'link=Add Employee'.</msg>
<status status="PASS" starttime="20220302 11:31:52.997" endtime="20220302 11:31:54.009"/>
</kw>
<kw name="Input Text" library="SeleniumLibrary">
<arg>id=firstName</arg>
<arg>${firstname}</arg>
<doc>Types the given ``text`` into the text field identified by ``locator``.</doc>
<msg timestamp="20220302 11:31:54.010" level="INFO">Typing text 'Kin' into text field 'id=firstName'.</msg>
<status status="PASS" starttime="20220302 11:31:54.009" endtime="20220302 11:31:54.100"/>
</kw>
<kw name="Input Text" library="SeleniumLibrary">
<arg>id=middleName</arg>
<arg>${middlename}</arg>
<doc>Types the given ``text`` into the text field identified by ``locator``.</doc>
<msg timestamp="20220302 11:31:54.101" level="INFO">Typing text 'K' into text field 'id=middleName'.</msg>
<status status="PASS" starttime="20220302 11:31:54.100" endtime="20220302 11:31:54.178"/>
</kw>
<kw name="Input Text" library="SeleniumLibrary">
<arg>id=lastName</arg>
<arg>${lastname}</arg>
<doc>Types the given ``text`` into the text field identified by ``locator``.</doc>
<msg timestamp="20220302 11:31:54.178" level="INFO">Typing text 'ken' into text field 'id=lastName'.</msg>
<status status="PASS" starttime="20220302 11:31:54.178" endtime="20220302 11:31:54.261"/>
</kw>
<kw name="Input Text" library="SeleniumLibrary">
<arg>id=employeeId</arg>
<arg>${employee_id}</arg>
<doc>Types the given ``text`` into the text field identified by ``locator``.</doc>
<msg timestamp="20220302 11:31:54.262" level="INFO">Typing text 'E10021' into text field 'id=employeeId'.</msg>
<status status="PASS" starttime="20220302 11:31:54.261" endtime="20220302 11:31:54.344"/>
</kw>
<kw name="Choose File" library="SeleniumLibrary">
<arg>id=photofile</arg>
<arg>file_path=${EXECDIR}${/}files${/}${file_detail}</arg>
<doc>Inputs the ``file_path`` into the file input field ``locator``.</doc>
<msg timestamp="20220302 11:31:54.345" level="INFO">Sending C:\Mine\Company\NCS2\orangehrm_automation\files\Photo_e101.png to browser.</msg>
<status status="PASS" starttime="20220302 11:31:54.344" endtime="20220302 11:31:54.381"/>
</kw>
<kw name="Select Checkbox" library="SeleniumLibrary">
<arg>id=chkLogin</arg>
<doc>Selects the checkbox identified by ``locator``.</doc>
<msg timestamp="20220302 11:31:54.381" level="INFO">Selecting checkbox 'id=chkLogin'.</msg>
<status status="PASS" starttime="20220302 11:31:54.381" endtime="20220302 11:31:54.462"/>
</kw>
<kw name="Input Text" library="SeleniumLibrary">
<arg>id=user_name</arg>
<arg>${user_id}</arg>
<doc>Types the given ``text`` into the text field identified by ``locator``.</doc>
<msg timestamp="20220302 11:31:54.462" level="INFO">Typing text 'KenE1002' into text field 'id=user_name'.</msg>
<status status="PASS" starttime="20220302 11:31:54.462" endtime="20220302 11:31:54.538"/>
</kw>
<kw name="Input Text" library="SeleniumLibrary">
<arg>id=user_password</arg>
<arg>${login_password}</arg>
<doc>Types the given ``text`` into the text field identified by ``locator``.</doc>
<msg timestamp="20220302 11:31:54.539" level="INFO">Typing text 'Welcome@123' into text field 'id=user_password'.</msg>
<status status="PASS" starttime="20220302 11:31:54.539" endtime="20220302 11:31:54.629"/>
</kw>
<kw name="Input Text" library="SeleniumLibrary">
<arg>id=re_password</arg>
<arg>${confirm_password}</arg>
<doc>Types the given ``text`` into the text field identified by ``locator``.</doc>
<msg timestamp="20220302 11:31:54.629" level="INFO">Typing text 'Welcome@123' into text field 'id=re_password'.</msg>
<status status="PASS" starttime="20220302 11:31:54.629" endtime="20220302 11:31:54.710"/>
</kw>
<kw name="Select From List By Label" library="SeleniumLibrary">
<arg>id=status</arg>
<arg>${login_status}</arg>
<doc>Selects options from selection list ``locator`` by ``labels``.</doc>
<msg timestamp="20220302 11:31:54.711" level="INFO">Selecting options from selection list 'id=status' by label Enabled.</msg>
<status status="PASS" starttime="20220302 11:31:54.710" endtime="20220302 11:31:54.751"/>
</kw>
<kw name="Click Element" library="SeleniumLibrary">
<arg>id=btnSave</arg>
<doc>Click the element identified by ``locator``.</doc>
<msg timestamp="20220302 11:31:54.752" level="INFO">Clicking element 'id=btnSave'.</msg>
<status status="PASS" starttime="20220302 11:31:54.751" endtime="20220302 11:31:54.801"/>
</kw>
<kw name="Element Text Should Be" library="SeleniumLibrary">
<arg>xpath=//h1[contains(text(),'Pers')]</arg>
<arg>${expected_header}</arg>
<doc>Verifies that element ``locator`` contains exact the text ``expected``.</doc>
<msg timestamp="20220302 11:31:54.802" level="INFO">Verifying element 'xpath=//h1[contains(text(),'Pers')]' contains exact text 'Personal Details'.</msg>
<status status="PASS" starttime="20220302 11:31:54.801" endtime="20220302 11:31:59.660"/>
</kw>
<kw name="Textfield Value Should Be" library="SeleniumLibrary">
<arg>id=personal_txtEmpFirstName</arg>
<arg>${firstname}</arg>
<doc>Verifies text field ``locator`` has exactly text ``expected``.</doc>
<msg timestamp="20220302 11:31:59.704" level="INFO">Content of text field 'id=personal_txtEmpFirstName' is 'Kin'.</msg>
<status status="PASS" starttime="20220302 11:31:59.660" endtime="20220302 11:31:59.704"/>
</kw>
<kw name="Textfield Value Should Be" library="SeleniumLibrary">
<arg>id=personal_txtEmployeeId</arg>
<arg>${employee_id}</arg>
<doc>Verifies text field ``locator`` has exactly text ``expected``.</doc>
<msg timestamp="20220302 11:31:59.736" level="INFO">Content of text field 'id=personal_txtEmployeeId' is 'E10021'.</msg>
<status status="PASS" starttime="20220302 11:31:59.704" endtime="20220302 11:31:59.736"/>
</kw>
<kw name="Click Element" library="SeleniumLibrary">
<arg>link=Employee List</arg>
<doc>Click the element identified by ``locator``.</doc>
<msg timestamp="20220302 11:31:59.737" level="INFO">Clicking element 'link=Employee List'.</msg>
<status status="PASS" starttime="20220302 11:31:59.737" endtime="20220302 11:32:01.117"/>
</kw>
<kw name="Input Text" library="SeleniumLibrary">
<arg>id=empsearch_id</arg>
<arg>${employee_id}</arg>
<doc>Types the given ``text`` into the text field identified by ``locator``.</doc>
<msg timestamp="20220302 11:32:01.117" level="INFO">Typing text 'E10021' into text field 'id=empsearch_id'.</msg>
<status status="PASS" starttime="20220302 11:32:01.117" endtime="20220302 11:32:01.205"/>
</kw>
<kw name="Click Element" library="SeleniumLibrary">
<arg>id=searchBtn</arg>
<doc>Click the element identified by ``locator``.</doc>
<msg timestamp="20220302 11:32:01.205" level="INFO">Clicking element 'id=searchBtn'.</msg>
<status status="PASS" starttime="20220302 11:32:01.205" endtime="20220302 11:32:01.694"/>
</kw>
<kw name="Table Should Contain" library="SeleniumLibrary">
<arg>id=resultTable</arg>
<arg>${firstname}</arg>
<doc>Verifies table contains text ``expected``.</doc>
<status status="PASS" starttime="20220302 11:32:01.695" endtime="20220302 11:32:02.075"/>
</kw>
<kw name="Table Should Contain" library="SeleniumLibrary">
<arg>id=resultTable</arg>
<arg>${employee_id}</arg>
<doc>Verifies table contains text ``expected``.</doc>
<status status="PASS" starttime="20220302 11:32:02.075" endtime="20220302 11:32:02.350"/>
</kw>
<status status="PASS" starttime="20220302 11:31:48.162" endtime="20220302 11:32:02.351"/>
</kw>
<kw name="End Browser" library="common_functionality" type="TEARDOWN">
<kw name="Capture Page Screenshot" library="SeleniumLibrary">
<doc>Takes a screenshot of the current page and embeds it into a log file.</doc>
<msg timestamp="20220302 11:32:02.600" level="INFO" html="true">&lt;/td&gt;&lt;/tr&gt;&lt;tr&gt;&lt;td colspan="3"&gt;&lt;a href="screenshots/selenium-screenshot-42.png"&gt;&lt;img src="screenshots/selenium-screenshot-42.png" width="800px"&gt;&lt;/a&gt;</msg>
<status status="PASS" starttime="20220302 11:32:02.352" endtime="20220302 11:32:02.600"/>
</kw>
<kw name="Close Browser" library="SeleniumLibrary">
<doc>Closes the current browser.</doc>
<status status="PASS" starttime="20220302 11:32:02.600" endtime="20220302 11:32:04.761"/>
</kw>
<status status="PASS" starttime="20220302 11:32:02.351" endtime="20220302 11:32:04.762"/>
</kw>
<status status="PASS" starttime="20220302 11:31:42.865" endtime="20220302 11:32:04.764"/>
</test>
<doc>To verify the valid record of add employee by providing credentials with enabled mode
test case TC_OH_16, SC_OH_09,</doc>
<status status="PASS" starttime="20220302 11:31:20.187" endtime="20220302 11:32:04.766"/>
</suite>
<statistics>
<total>
<stat pass="2" fail="0" skip="0">All Tests</stat>
</total>
<tag>
</tag>
<suite>
<stat pass="2" fail="0" skip="0" id="s1" name="verify addemployee enabledmode excel Suite">verify addemployee enabledmode excel Suite</stat>
</suite>
</statistics>
<errors>
<msg timestamp="20220302 11:31:42.864" level="WARN">Multiple test cases with name 'TC1' executed in test suite 'verify addemployee enabledmode excel Suite'.</msg>
</errors>
</robot>
