<?xml version="1.0" encoding="UTF-8"?>
<robot generator="Robot 4.1.3 (Python 3.10.2 on win32)" generated="20220301 12:37:35.784" rpa="false" schemaversion="2">
<suite id="s1" name="Verify Invalid Credential Suite" source="C:\Mine\Company\NCS2\orangehrm_automation\login_suite\verify_invalid_credential_suite.robot">
<test id="s1-t1" name="Verify Invalid Credential Test">
<kw name="Launch Browser" library="common_functionality" type="SETUP">
<kw name="Open Browser" library="SeleniumLibrary">
<arg>browser=${BROWSER_NAME}</arg>
<arg>executable_path=${EXECDIR}${/}driver${/}chromedriver.exe</arg>
<doc>Opens a new browser instance to the optional ``url``.</doc>
<msg timestamp="20220301 12:37:36.067" level="INFO">Opening browser 'chrome' to base url 'None'.</msg>
<status status="PASS" starttime="20220301 12:37:36.067" endtime="20220301 12:37:37.285"/>
</kw>
<kw name="Maximize Browser Window" library="SeleniumLibrary">
<doc>Maximizes current browser window.</doc>
<status status="PASS" starttime="20220301 12:37:37.285" endtime="20220301 12:37:37.402"/>
</kw>
<kw name="Set Selenium Implicit Wait" library="SeleniumLibrary">
<arg>30s</arg>
<doc>Sets the implicit wait value used by Selenium.</doc>
<status status="PASS" starttime="20220301 12:37:37.402" endtime="20220301 12:37:37.403"/>
</kw>
<kw name="Set Screenshot Directory" library="SeleniumLibrary">
<arg>path=${EXECDIR}${/}screenshots</arg>
<doc>Sets the directory for captured screenshots.</doc>
<status status="PASS" starttime="20220301 12:37:37.403" endtime="20220301 12:37:37.404"/>
</kw>
<kw name="Go To" library="SeleniumLibrary">
<arg>url=${URL}</arg>
<doc>Navigates the current browser window to the provided ``url``.</doc>
<msg timestamp="20220301 12:37:37.404" level="INFO">Opening url 'https://opensource-demo.orangehrmlive.com/'</msg>
<status status="PASS" starttime="20220301 12:37:37.404" endtime="20220301 12:37:41.822"/>
</kw>
<status status="PASS" starttime="20220301 12:37:36.066" endtime="20220301 12:37:41.823"/>
</kw>
<kw name="Input Text" library="SeleniumLibrary">
<arg>id=txtUsername</arg>
<arg>john</arg>
<doc>Types the given ``text`` into the text field identified by ``locator``.</doc>
<msg timestamp="20220301 12:37:41.824" level="INFO">Typing text 'john' into text field 'id=txtUsername'.</msg>
<status status="PASS" starttime="20220301 12:37:41.823" endtime="20220301 12:37:41.908"/>
</kw>
<kw name="Input Password" library="SeleniumLibrary">
<arg>id=txtPassword</arg>
<arg>admin123</arg>
<doc>Types the given password into the text field identified by ``locator``.</doc>
<msg timestamp="20220301 12:37:41.909" level="INFO">Typing password into text field 'id=txtPassword'.</msg>
<msg timestamp="20220301 12:37:41.956" level="INFO">Temporally setting log level to: NONE</msg>
<msg timestamp="20220301 12:37:42.005" level="INFO">Log level changed from NONE to INFO.</msg>
<status status="PASS" starttime="20220301 12:37:41.908" endtime="20220301 12:37:42.006"/>
</kw>
<kw name="Click Element" library="SeleniumLibrary">
<arg>name=Submit</arg>
<doc>Click the element identified by ``locator``.</doc>
<msg timestamp="20220301 12:37:42.006" level="INFO">Clicking element 'name=Submit'.</msg>
<status status="PASS" starttime="20220301 12:37:42.006" endtime="20220301 12:37:43.581"/>
</kw>
<kw name="Element Should Contain" library="SeleniumLibrary">
<arg>id=spanMessage</arg>
<arg>Invalid credentials</arg>
<doc>Verifies that element ``locator`` contains text ``expected``.</doc>
<msg timestamp="20220301 12:37:43.611" level="INFO">Element 'id=spanMessage' contains text 'Invalid credentials'.</msg>
<status status="PASS" starttime="20220301 12:37:43.582" endtime="20220301 12:37:43.611"/>
</kw>
<kw name="End Browser" library="common_functionality" type="TEARDOWN">
<kw name="Capture Page Screenshot" library="SeleniumLibrary">
<doc>Takes a screenshot of the current page and embeds it into a log file.</doc>
<msg timestamp="20220301 12:37:43.959" level="INFO" html="true">&lt;/td&gt;&lt;/tr&gt;&lt;tr&gt;&lt;td colspan="3"&gt;&lt;a href="screenshots/selenium-screenshot-4.png"&gt;&lt;img src="screenshots/selenium-screenshot-4.png" width="800px"&gt;&lt;/a&gt;</msg>
<status status="PASS" starttime="20220301 12:37:43.612" endtime="20220301 12:37:43.959"/>
</kw>
<kw name="Close Browser" library="SeleniumLibrary">
<doc>Closes the current browser.</doc>
<status status="PASS" starttime="20220301 12:37:43.959" endtime="20220301 12:37:46.085"/>
</kw>
<status status="PASS" starttime="20220301 12:37:43.611" endtime="20220301 12:37:46.085"/>
</kw>
<status status="PASS" starttime="20220301 12:37:36.066" endtime="20220301 12:37:46.086"/>
</test>
<doc>This suite handles test cases related to valid credential connected with
the test case TC_OH_3, scenario SC_OH_2 and requirement OH_Req 4</doc>
<status status="PASS" starttime="20220301 12:37:35.785" endtime="20220301 12:37:46.087"/>
</suite>
<statistics>
<total>
<stat pass="1" fail="0" skip="0">All Tests</stat>
</total>
<tag>
</tag>
<suite>
<stat pass="1" fail="0" skip="0" id="s1" name="Verify Invalid Credential Suite">Verify Invalid Credential Suite</stat>
</suite>
</statistics>
<errors>
</errors>
</robot>
