<?xml version="1.0" encoding="UTF-8"?>
<robot generator="Robot 4.1.3 (Python 3.10.2 on win32)" generated="20220301 11:58:53.238" rpa="false" schemaversion="2">
<suite id="s1" name="Verify Valid Credential Suite" source="C:\Mine\Company\NCS2\orangehrm_automation\login_suite\verify_valid_credential_suite.robot">
<test id="s1-t1" name="Verify Valid Credential Test">
<kw name="Input Text" library="SeleniumLibrary">
<arg>id=txtUsername</arg>
<arg>Admin</arg>
<doc>Types the given ``text`` into the text field identified by ``locator``.</doc>
<msg timestamp="20220301 11:58:53.520" level="INFO">Typing text 'Admin' into text field 'id=txtUsername'.</msg>
<msg timestamp="20220301 11:58:53.520" level="INFO">Cannot capture screenshot because no browser is open.</msg>
<msg timestamp="20220301 11:58:53.535" level="FAIL">No browser is open.</msg>
<status status="FAIL" starttime="20220301 11:58:53.519" endtime="20220301 11:58:53.535"/>
</kw>
<kw name="Input Password" library="SeleniumLibrary">
<arg>id=txtPassword</arg>
<arg>admin123</arg>
<doc>Types the given password into the text field identified by ``locator``.</doc>
<status status="NOT RUN" starttime="20220301 11:58:53.536" endtime="20220301 11:58:53.536"/>
</kw>
<kw name="Click Element" library="SeleniumLibrary">
<arg>name=Submit</arg>
<doc>Click the element identified by ``locator``.</doc>
<status status="NOT RUN" starttime="20220301 11:58:53.538" endtime="20220301 11:58:53.538"/>
</kw>
<kw name="Element Text Should Be" library="SeleniumLibrary">
<arg>tag=h1</arg>
<arg>Dashboard</arg>
<doc>Verifies that element ``locator`` contains exact the text ``expected``.</doc>
<status status="NOT RUN" starttime="20220301 11:58:53.538" endtime="20220301 11:58:53.538"/>
</kw>
<kw name="End Browser" library="common_functionality" type="TEARDOWN">
<kw name="Capture Page Screenshot" library="SeleniumLibrary">
<doc>Takes a screenshot of the current page and embeds it into a log file.</doc>
<msg timestamp="20220301 11:58:53.539" level="INFO">Cannot capture screenshot because no browser is open.</msg>
<status status="PASS" starttime="20220301 11:58:53.539" endtime="20220301 11:58:53.539"/>
</kw>
<kw name="Close Browser" library="SeleniumLibrary">
<doc>Closes the current browser.</doc>
<status status="PASS" starttime="20220301 11:58:53.539" endtime="20220301 11:58:53.539"/>
</kw>
<status status="PASS" starttime="20220301 11:58:53.539" endtime="20220301 11:58:53.539"/>
</kw>
<status status="FAIL" starttime="20220301 11:58:53.519" endtime="20220301 11:58:53.540">No browser is open.</status>
</test>
<test id="s1-t2" name="TC2">
<kw name="Input Text" library="SeleniumLibrary">
<arg>id=txtUsername</arg>
<arg>Admin</arg>
<doc>Types the given ``text`` into the text field identified by ``locator``.</doc>
<msg timestamp="20220301 11:58:53.542" level="INFO">Typing text 'Admin' into text field 'id=txtUsername'.</msg>
<msg timestamp="20220301 11:58:53.542" level="INFO">Cannot capture screenshot because no browser is open.</msg>
<msg timestamp="20220301 11:58:53.543" level="FAIL">No browser is open.</msg>
<status status="FAIL" starttime="20220301 11:58:53.542" endtime="20220301 11:58:53.543"/>
</kw>
<kw name="End Browser" library="common_functionality" type="TEARDOWN">
<kw name="Capture Page Screenshot" library="SeleniumLibrary">
<doc>Takes a screenshot of the current page and embeds it into a log file.</doc>
<msg timestamp="20220301 11:58:53.545" level="INFO">Cannot capture screenshot because no browser is open.</msg>
<status status="PASS" starttime="20220301 11:58:53.545" endtime="20220301 11:58:53.545"/>
</kw>
<kw name="Close Browser" library="SeleniumLibrary">
<doc>Closes the current browser.</doc>
<status status="PASS" starttime="20220301 11:58:53.545" endtime="20220301 11:58:53.545"/>
</kw>
<status status="PASS" starttime="20220301 11:58:53.544" endtime="20220301 11:58:53.545"/>
</kw>
<status status="FAIL" starttime="20220301 11:58:53.541" endtime="20220301 11:58:53.545">No browser is open.</status>
</test>
<doc>This suite handles test cases related to valid credential connected with
the test case TC_OH_2, scenario SC_OH_2 and requirement OH_Req 4</doc>
<status status="FAIL" starttime="20220301 11:58:53.240" endtime="20220301 11:58:53.548"/>
</suite>
<statistics>
<total>
<stat pass="0" fail="2" skip="0">All Tests</stat>
</total>
<tag>
</tag>
<suite>
<stat pass="0" fail="2" skip="0" id="s1" name="Verify Valid Credential Suite">Verify Valid Credential Suite</stat>
</suite>
</statistics>
<errors>
</errors>
</robot>
